<?xml version="1.0" encoding="UTF-8"?>
<testsuite name="bankerPack.BankAccountTest" tests="5" skipped="0" failures="0" errors="0" timestamp="2021-08-24T18:05:19" hostname="MacBook-Air-KingDodo.local" time="0.079">
  <properties/>
  <testcase name="testShowTransactionsWithDepositAndWithdrawal()" classname="bankerPack.BankAccountTest" time="0.058"/>
  <testcase name="testCreateBankAccountWithName()" classname="bankerPack.BankAccountTest" time="0.001"/>
  <testcase name="testCreateBankAccountWithBalance()" classname="bankerPack.BankAccountTest" time="0.002"/>
  <testcase name="testPrintStatementZeroTransactions()" classname="bankerPack.BankAccountTest" time="0.009"/>
  <testcase name="testShowTransactionsWithOneDeposit()" classname="bankerPack.BankAccountTest" time="0.001"/>
  <system-out><![CDATA[]]></system-out>
  <system-err><![CDATA[]]></system-err>
</testsuite>
