<?xml version="1.0" encoding="UTF-8"?>
<testsuite name="bankerPack.BankAccountTest" tests="4" skipped="0" failures="0" errors="0" timestamp="2021-08-24T17:37:51" hostname="MacBook-Air-KingDodo.local" time="0.078">
  <properties/>
  <testcase name="testCreateBankAccountWithName()" classname="bankerPack.BankAccountTest" time="0.031"/>
  <testcase name="testCreateBankAccountWithBalance()" classname="bankerPack.BankAccountTest" time="0.002"/>
  <testcase name="testShowTransactions()" classname="bankerPack.BankAccountTest" time="0.033"/>
  <testcase name="testPrintStatementZeroTransactions()" classname="bankerPack.BankAccountTest" time="0.004"/>
  <system-out><![CDATA[]]></system-out>
  <system-err><![CDATA[]]></system-err>
</testsuite>
