<?xml version="1.0" encoding="UTF-8"?>
<testsuite name="bankerPack.BankAccountTest" tests="8" skipped="0" failures="0" errors="0" timestamp="2021-08-27T11:25:24" hostname="MacBook-Air-KingDodo.local" time="0.109">
  <properties/>
  <testcase name="testShowTransactionsWithDepositAndWithdrawal()" classname="bankerPack.BankAccountTest" time="0.05"/>
  <testcase name="testCreateBankAccountWithName()" classname="bankerPack.BankAccountTest" time="0.002"/>
  <testcase name="testCreateBankAccountWithBalance()" classname="bankerPack.BankAccountTest" time="0.002"/>
  <testcase name="testGetFinalBalance()" classname="bankerPack.BankAccountTest" time="0.0"/>
  <testcase name="testShowTransactionsWithProhibitedWithdrawal()" classname="bankerPack.BankAccountTest" time="0.002"/>
  <testcase name="testShowTransactionsWithOneDeposit()" classname="bankerPack.BankAccountTest" time="0.002"/>
  <testcase name="testPrintStatementWithOneTransaction()" classname="bankerPack.BankAccountTest" time="0.036"/>
  <testcase name="testPrintStatementWithTwoTransactions()" classname="bankerPack.BankAccountTest" time="0.002"/>
  <system-out><![CDATA[TRANSACTIONbankerPack.Transaction@30fd5992[bankerPack.Transaction@30fd5992]
TRANSACTIONbankerPack.Transaction@24ea82c8[bankerPack.Transaction@24ea82c8, bankerPack.Transaction@4b2a3cb9]
TRANSACTIONbankerPack.Transaction@4b2a3cb9[bankerPack.Transaction@24ea82c8, bankerPack.Transaction@4b2a3cb9]
]]></system-out>
  <system-err><![CDATA[]]></system-err>
</testsuite>
