<?xml version="1.0" encoding="UTF-8"?>
<testsuite name="bankerPack.BankAccountTest" tests="9" skipped="0" failures="0" errors="0" timestamp="2021-08-27T17:04:08" hostname="MacBook-Air-KingDodo.local" time="0.111">
  <properties/>
  <testcase name="testCantWithdrawWithMoreThanBalance()" classname="bankerPack.BankAccountTest" time="0.019"/>
  <testcase name="testShowTransactionsWithDepositAndWithdrawal()" classname="bankerPack.BankAccountTest" time="0.015"/>
  <testcase name="testCreateBankAccountWithName()" classname="bankerPack.BankAccountTest" time="0.001"/>
  <testcase name="testCreateBankAccountWithBalance()" classname="bankerPack.BankAccountTest" time="0.002"/>
  <testcase name="testGetFinalBalance()" classname="bankerPack.BankAccountTest" time="0.002"/>
  <testcase name="testCantDepositNegativeAmount()" classname="bankerPack.BankAccountTest" time="0.005"/>
  <testcase name="testShowTransactionsWithOneDeposit()" classname="bankerPack.BankAccountTest" time="0.0"/>
  <testcase name="testPrintStatementWithOneTransaction()" classname="bankerPack.BankAccountTest" time="0.048"/>
  <testcase name="testPrintStatementWithTwoTransactions()" classname="bankerPack.BankAccountTest" time="0.002"/>
  <system-out><![CDATA[TRANSACTIONbankerPack.Transaction@16e535eb[bankerPack.Transaction@16e535eb]
TRANSACTIONbankerPack.Transaction@51d8adff[bankerPack.Transaction@51d8adff, bankerPack.Transaction@42376bc4]
TRANSACTIONbankerPack.Transaction@42376bc4[bankerPack.Transaction@51d8adff, bankerPack.Transaction@42376bc4]
]]></system-out>
  <system-err><![CDATA[]]></system-err>
</testsuite>
