<?xml version="1.0" encoding="UTF-8"?>
<testsuite name="bankerPack.BankAccountTest" tests="4" skipped="0" failures="0" errors="0" timestamp="2021-08-24T17:28:17" hostname="MacBook-Air-KingDodo.local" time="0.103">
  <properties/>
  <testcase name="testCreateBankAccountWithName()" classname="bankerPack.BankAccountTest" time="0.036"/>
  <testcase name="testCreateBankAccountWithBalance()" classname="bankerPack.BankAccountTest" time="0.003"/>
  <testcase name="testShowTransactions()" classname="bankerPack.BankAccountTest" time="0.042"/>
  <testcase name="testPrintStatementZeroTransactions()" classname="bankerPack.BankAccountTest" time="0.007"/>
  <system-out><![CDATA[TRANSACTIONS[bankerPack.Transaction@f42adf1]
24-08-2021
100
]]></system-out>
  <system-err><![CDATA[]]></system-err>
</testsuite>
