<?xml version="1.0" encoding="UTF-8"?>
<testsuite name="bankerPack.TransactionTest" tests="1" skipped="0" failures="0" errors="0" timestamp="2021-08-26T20:13:07" hostname="MacBook-Air-KingDodo.local" time="0.034">
  <properties/>
  <testcase name="testTransactionBalance()" classname="bankerPack.TransactionTest" time="0.034"/>
  <system-out><![CDATA[]]></system-out>
  <system-err><![CDATA[]]></system-err>
</testsuite>
