<?xml version="1.0" encoding="UTF-8"?>
<testsuite name="bankerPack.BankAccountTest" tests="1" skipped="0" failures="0" errors="0" timestamp="2021-08-27T10:28:32" hostname="MacBook-Air-KingDodo.local" time="0.025">
  <properties/>
  <testcase name="testShowTransactionsWithDepositAndWithdrawal()" classname="bankerPack.BankAccountTest" time="0.025"/>
  <system-out><![CDATA[]]></system-out>
  <system-err><![CDATA[]]></system-err>
</testsuite>
