<?xml version="1.0" encoding="UTF-8"?>
<testsuite name="bankerPack.BankAccountTest" tests="2" skipped="0" failures="0" errors="0" timestamp="2021-08-24T16:33:34" hostname="MacBook-Air-KingDodo.local" time="0.055">
  <properties/>
  <testcase name="testCreateBankAccountWithName()" classname="bankerPack.BankAccountTest" time="0.051"/>
  <testcase name="testCreateBankAccountWithBalance()" classname="bankerPack.BankAccountTest" time="0.001"/>
  <system-out><![CDATA[]]></system-out>
  <system-err><![CDATA[]]></system-err>
</testsuite>
