<?xml version="1.0" encoding="UTF-8"?>
<testsuite name="bankerPack.BankAccountTest" tests="1" skipped="0" failures="0" errors="0" timestamp="2021-08-26T20:28:27" hostname="MacBook-Air-KingDodo.local" time="0.046">
  <properties/>
  <testcase name="testPrintStatementWithOneTransaction()" classname="bankerPack.BankAccountTest" time="0.046"/>
  <system-out><![CDATA[]]></system-out>
  <system-err><![CDATA[]]></system-err>
</testsuite>
