<?xml version="1.0" encoding="UTF-8"?>
<testsuite name="bankerPack.TransactionTest" tests="1" skipped="0" failures="0" errors="0" timestamp="2021-08-24T14:55:10" hostname="MacBook-Air-KingDodo.local" time="0.052">
  <properties/>
  <testcase name="testAddDepositOne()" classname="bankerPack.TransactionTest" time="0.052"/>
  <system-out><![CDATA[100
]]></system-out>
  <system-err><![CDATA[]]></system-err>
</testsuite>
